<?xml version="1.0" encoding="UTF-8"?>
<!-- Generated by org.testng.reporters.JUnitXMLReporter -->
<testsuite ignored="0" hostname="DESKTOP-Q80J051" failures="0" tests="2" name="Chrome" time="0.17" errors="0" timestamp="2023-03-13T12:34:57 IST">
  <testcase classname="testCases.BaseClass" name="@BeforeTest beforeTest" time="-1.678691097421E9">
    <failure type="org.testng.TestNGException" message="
Parameter &amp;apos;browser&amp;apos; is required by BeforeTest on method beforeTest but has not been marked @Optional or defined
in C:\Users\anvi\eclipse-workspace1\OrangeHRM1\testng.xml">
      <![CDATA[org.testng.TestNGException: 
Parameter 'browser' is required by BeforeTest on method beforeTest but has not been marked @Optional or defined
in C:\Users\anvi\eclipse-workspace1\OrangeHRM1\testng.xml
... Removed 21 stack frames]]>
    </failure>
  </testcase> <!-- @BeforeTest beforeTest -->
  <testcase classname="testCases.TestNG1" name="@BeforeClass beforeClass" time="0.0">
    <skipped/>
  </testcase> <!-- @BeforeClass beforeClass -->
  <testcase classname="testCases.TestNG1" name="@BeforeMethod beforeMethod" time="0.0">
    <skipped/>
  </testcase> <!-- @BeforeMethod beforeMethod -->
  <testcase classname="testCases.TestNG1" name="@AfterMethod afterMethod" time="0.0">
    <skipped/>
  </testcase> <!-- @AfterMethod afterMethod -->
  <testcase classname="testCases.TestNG1" name="@BeforeMethod beforeMethod" time="0.0">
    <skipped/>
  </testcase> <!-- @BeforeMethod beforeMethod -->
  <testcase classname="testCases.TestNG1" name="@AfterMethod afterMethod" time="0.0">
    <skipped/>
  </testcase> <!-- @AfterMethod afterMethod -->
  <testcase classname="testCases.TestNG1" name="@AfterClass afterClass" time="0.0">
    <skipped/>
  </testcase> <!-- @AfterClass afterClass -->
  <testcase classname="testCases.BaseClass" name="@AfterTest aftertest" time="0.0">
    <skipped/>
  </testcase> <!-- @AfterTest aftertest -->
  <testcase classname="testCases.TestNG1" name="Test1" time="0.0">
    <skipped/>
  </testcase> <!-- Test1 -->
  <testcase classname="testCases.TestNG1" name="Test2" time="0.0">
    <skipped/>
  </testcase> <!-- Test2 -->
</testsuite> <!-- Chrome -->
